2022-11-08 00:31:55.521 UTC [49] LOG:  starting PostgreSQL 15.0 (Debian 15.0-1.pgdg110+1) on x86_64-pc-linux-gnu, compiled by gcc (Debian 10.2.1-6) 10.2.1 20210110, 64-bit
2022-11-08 00:31:55.538 UTC [49] LOG:  listening on Unix socket "/var/run/postgresql/.s.PGSQL.5432"
2022-11-08 00:31:55.600 UTC [53] LOG:  database system was shut down at 2022-11-08 00:31:50 UTC
2022-11-08 00:31:55.690 UTC [49] LOG:  database system is ready to accept connections
2022-11-08 00:31:56.052 UTC [59] LOG:  statement: SELECT 1 FROM pg_database WHERE datname = 'postgres' ;
2022-11-08 00:31:56.122 UTC [49] LOG:  received fast shutdown request
2022-11-08 00:31:56.138 UTC [49] LOG:  aborting any active transactions
2022-11-08 00:31:56.141 UTC [49] LOG:  background worker "logical replication launcher" (PID 56) exited with exit code 1
2022-11-08 00:31:56.142 UTC [51] LOG:  shutting down
2022-11-08 00:31:56.149 UTC [51] LOG:  checkpoint starting: shutdown immediate
2022-11-08 00:31:56.295 UTC [51] LOG:  checkpoint complete: wrote 3 buffers (0.0%); 0 WAL file(s) added, 0 removed, 0 recycled; write=0.047 s, sync=0.018 s, total=0.154 s; sync files=2, longest=0.013 s, average=0.009 s; distance=0 kB, estimate=0 kB
2022-11-08 00:31:56.348 UTC [49] LOG:  database system is shut down
2022-11-08 00:31:56.461 UTC [1] LOG:  starting PostgreSQL 15.0 (Debian 15.0-1.pgdg110+1) on x86_64-pc-linux-gnu, compiled by gcc (Debian 10.2.1-6) 10.2.1 20210110, 64-bit
2022-11-08 00:31:56.461 UTC [1] LOG:  listening on IPv4 address "0.0.0.0", port 5432
2022-11-08 00:31:56.461 UTC [1] LOG:  listening on IPv6 address "::", port 5432
2022-11-08 00:31:56.486 UTC [1] LOG:  listening on Unix socket "/var/run/postgresql/.s.PGSQL.5432"
2022-11-08 00:31:56.544 UTC [64] LOG:  database system was shut down at 2022-11-08 00:31:56 UTC
2022-11-08 00:31:56.652 UTC [1] LOG:  database system is ready to accept connections
2022-11-08 00:33:01.247 UTC [70] LOG:  execute <unnamed>: SET extra_float_digits = 3
2022-11-08 00:33:01.249 UTC [70] LOG:  execute <unnamed>: SET application_name = 'PostgreSQL JDBC Driver'
2022-11-08 00:33:01.254 UTC [70] LOG:  execute <unnamed>: SET application_name = 'DBeaver 22.1.3 - Main <postgres>'
2022-11-08 00:33:01.267 UTC [70] LOG:  execute <unnamed>: SELECT current_schema(),session_user
2022-11-08 00:33:01.317 UTC [70] LOG:  execute <unnamed>: SELECT n.oid,n.*,d.description FROM pg_catalog.pg_namespace n
	LEFT OUTER JOIN pg_catalog.pg_description d ON d.objoid=n.oid AND d.objsubid=0 AND d.classoid='pg_namespace'::regclass
	 ORDER BY nspname
2022-11-08 00:33:01.326 UTC [70] LOG:  execute <unnamed>: SELECT n.nspname = ANY(current_schemas(true)), n.nspname, t.typname FROM pg_catalog.pg_type t JOIN pg_catalog.pg_namespace n ON t.typnamespace = n.oid WHERE t.oid = $1
2022-11-08 00:33:01.326 UTC [70] DETAIL:  parameters: $1 = '1034'
2022-11-08 00:33:01.335 UTC [70] LOG:  execute <unnamed>: SELECT typinput='array_in'::regproc as is_array, typtype, typname   FROM pg_catalog.pg_type   LEFT JOIN (select ns.oid as nspoid, ns.nspname, r.r           from pg_namespace as ns           join ( select s.r, (current_schemas(false))[s.r] as nspname                    from generate_series(1, array_upper(current_schemas(false), 1)) as s(r) ) as r          using ( nspname )        ) as sp     ON sp.nspoid = typnamespace  WHERE typname = $1  ORDER BY sp.r, pg_type.oid DESC
2022-11-08 00:33:01.335 UTC [70] DETAIL:  parameters: $1 = '_aclitem'
2022-11-08 00:33:01.343 UTC [70] LOG:  execute <unnamed>: SHOW search_path
2022-11-08 00:33:01.484 UTC [71] LOG:  execute <unnamed>: SET extra_float_digits = 3
2022-11-08 00:33:01.486 UTC [71] LOG:  execute <unnamed>: SET application_name = 'PostgreSQL JDBC Driver'
2022-11-08 00:33:01.491 UTC [71] LOG:  execute <unnamed>: SET application_name = 'DBeaver 22.1.3 - Metadata <postgres>'
2022-11-08 00:33:01.494 UTC [71] LOG:  execute <unnamed>: SELECT current_schema(),session_user
2022-11-08 00:33:01.496 UTC [71] LOG:  execute <unnamed>: SHOW search_path
2022-11-08 00:33:01.503 UTC [71] LOG:  execute <unnamed>: SELECT db.oid,db.* FROM pg_catalog.pg_database db WHERE datname=$1
2022-11-08 00:33:01.503 UTC [71] DETAIL:  parameters: $1 = 'postgres'
2022-11-08 00:33:01.515 UTC [71] LOG:  execute <unnamed>: select * from pg_catalog.pg_settings where name=$1
2022-11-08 00:33:01.515 UTC [71] DETAIL:  parameters: $1 = 'standard_conforming_strings'
2022-11-08 00:33:01.529 UTC [71] LOG:  execute <unnamed>: select string_agg(word, ',') from pg_catalog.pg_get_keywords() where word <> ALL ('{a,abs,absolute,action,ada,add,admin,after,all,allocate,alter,always,and,any,are,array,as,asc,asensitive,assertion,assignment,asymmetric,at,atomic,attribute,attributes,authorization,avg,before,begin,bernoulli,between,bigint,binary,blob,boolean,both,breadth,by,c,call,called,cardinality,cascade,cascaded,case,cast,catalog,catalog_name,ceil,ceiling,chain,char,char_length,character,character_length,character_set_catalog,character_set_name,character_set_schema,characteristics,characters,check,checked,class_origin,clob,close,coalesce,cobol,code_units,collate,collation,collation_catalog,collation_name,collation_schema,collect,column,column_name,command_function,command_function_code,commit,committed,condition,condition_number,connect,connection_name,constraint,constraint_catalog,constraint_name,constraint_schema,constraints,constructors,contains,continue,convert,corr,corresponding,count,covar_pop,covar_samp,create,cross,cube,cume_dist,current,current_collation,current_date,current_default_transform_group,current_path,current_role,current_time,current_timestamp,current_transform_group_for_type,current_user,cursor,cursor_name,cycle,data,date,datetime_interval_code,datetime_interval_precision,day,deallocate,dec,decimal,declare,default,defaults,deferrable,deferred,defined,definer,degree,delete,dense_rank,depth,deref,derived,desc,describe,descriptor,deterministic,diagnostics,disconnect,dispatch,distinct,domain,double,drop,dynamic,dynamic_function,dynamic_function_code,each,element,else,end,end-exec,equals,escape,every,except,exception,exclude,excluding,exec,execute,exists,exp,external,extract,false,fetch,filter,final,first,float,floor,following,for,foreign,fortran,found,free,from,full,function,fusion,g,general,get,global,go,goto,grant,granted,group,grouping,having,hierarchy,hold,hour,identity,immediate,implementation,in,including,increment,indicator,initially,inner,inout,input,insensitive,insert,instance,instantiable,int,integer,intersect,intersection,interval,into,invoker,is,isolation,join,k,key,key_member,key_type,language,large,last,lateral,leading,left,length,level,like,ln,local,localtime,localtimestamp,locator,lower,m,map,match,matched,max,maxvalue,member,merge,message_length,message_octet_length,message_text,method,min,minute,minvalue,mod,modifies,module,month,more,multiset,mumps,name,names,national,natural,nchar,nclob,nesting,new,next,no,none,normalize,normalized,not,"null",nullable,nullif,nulls,number,numeric,object,octet_length,octets,of,old,on,only,open,option,options,or,order,ordering,ordinality,others,out,outer,output,over,overlaps,overlay,overriding,pad,parameter,parameter_mode,parameter_name,parameter_ordinal_position,parameter_specific_catalog,parameter_specific_name,parameter_specific_schema,partial,partition,pascal,path,percent_rank,percentile_cont,percentile_disc,placing,pli,position,power,preceding,precision,prepare,preserve,primary,prior,privileges,procedure,public,range,rank,read,reads,real,recursive,ref,references,referencing,regr_avgx,regr_avgy,regr_count,regr_intercept,regr_r2,regr_slope,regr_sxx,regr_sxy,regr_syy,relative,release,repeatable,restart,result,return,returned_cardinality,returned_length,returned_octet_length,returned_sqlstate,returns,revoke,right,role,rollback,rollup,routine,routine_catalog,routine_name,routine_schema,row,row_count,row_number,rows,savepoint,scale,schema,schema_name,scope_catalog,scope_name,scope_schema,scroll,search,second,section,security,select,self,sensitive,sequence,serializable,server_name,session,session_user,set,sets,similar,simple,size,smallint,some,source,space,specific,specific_name,specifictype,sql,sqlexception,sqlstate,sqlwarning,sqrt,start,state,statement,static,stddev_pop,stddev_samp,structure,style,subclass_origin,submultiset,substring,sum,symmetric,system,system_user,table,table_name,tablesample,temporary,then,ties,time,timestamp,timezone_hour,timezone_minute,to,top_level_count,trailing,transaction,transaction_active,transactions_committed,transactions_rolled_back,transform,transforms,translate,translation,treat,trigger,trigger_catalog,trigger_name,trigger_schema,trim,true,type,uescape,unbounded,uncommitted,under,union,unique,unknown,unnamed,unnest,update,upper,usage,user,user_defined_type_catalog,user_defined_type_code,user_defined_type_name,user_defined_type_schema,using,value,values,var_pop,var_samp,varchar,varying,view,when,whenever,where,width_bucket,window,with,within,without,work,write,year,zone}'::text[])
2022-11-08 00:33:01.536 UTC [71] LOG:  execute <unnamed>: SELECT version()
2022-11-08 00:33:01.558 UTC [71] LOG:  execute <unnamed>: SELECT t.oid,t.*,c.relkind,format_type(nullif(t.typbasetype, 0), t.typtypmod) as base_type_name, d.description
	FROM pg_catalog.pg_type t
	LEFT OUTER JOIN pg_catalog.pg_type et ON et.oid=t.typelem 
	LEFT OUTER JOIN pg_catalog.pg_class c ON c.oid=t.typrelid
	LEFT OUTER JOIN pg_catalog.pg_description d ON t.oid=d.objoid
	WHERE t.typname IS NOT NULL
	AND (c.relkind IS NULL OR c.relkind = 'c') AND (et.typcategory IS NULL OR et.typcategory <> 'C')
2022-11-08 00:34:26.846 UTC [71] LOG:  execute <unnamed>: SELECT c.oid,c.*,d.description,pg_catalog.pg_get_expr(c.relpartbound, c.oid) as partition_expr,  pg_catalog.pg_get_partkeydef(c.oid) as partition_key 
	FROM pg_catalog.pg_class c
	LEFT OUTER JOIN pg_catalog.pg_description d ON d.objoid=c.oid AND d.objsubid=0 AND d.classoid='pg_class'::regclass
	WHERE c.relnamespace=$1 AND c.relkind not in ('i','I','c')
2022-11-08 00:34:26.846 UTC [71] DETAIL:  parameters: $1 = '2200'
2022-11-08 00:36:56.643 UTC [62] LOG:  checkpoint starting: time
2022-11-08 00:37:00.192 UTC [62] LOG:  checkpoint complete: wrote 36 buffers (0.2%); 0 WAL file(s) added, 0 removed, 0 recycled; write=3.409 s, sync=0.050 s, total=3.549 s; sync files=10, longest=0.020 s, average=0.005 s; distance=175 kB, estimate=175 kB
2022-11-08 00:39:29.572 UTC [88] LOG:  statement: SELECT * FROM current_schema()
2022-11-08 00:39:29.641 UTC [88] LOG:  statement: CREATE EXTENSION IF NOT EXISTS "uuid-ossp"
2022-11-08 00:39:29.689 UTC [88] LOG:  statement: SELECT version();
2022-11-08 00:40:20.467 UTC [90] LOG:  statement: SELECT * FROM current_schema()
2022-11-08 00:40:20.541 UTC [90] LOG:  statement: CREATE EXTENSION IF NOT EXISTS "uuid-ossp"
2022-11-08 00:40:20.544 UTC [90] LOG:  statement: SELECT version();
2022-11-08 00:41:02.010 UTC [93] LOG:  statement: SELECT * FROM current_schema()
2022-11-08 00:41:02.066 UTC [93] LOG:  statement: CREATE EXTENSION IF NOT EXISTS "uuid-ossp"
2022-11-08 00:41:02.069 UTC [93] LOG:  statement: SELECT version();
2022-11-08 00:41:51.960 UTC [95] LOG:  execute <unnamed>: SET extra_float_digits = 3
2022-11-08 00:41:51.962 UTC [95] LOG:  execute <unnamed>: SET application_name = 'PostgreSQL JDBC Driver'
2022-11-08 00:41:51.966 UTC [95] LOG:  execute <unnamed>: SET application_name = 'DBeaver 22.1.3 - Main <postgres>'
2022-11-08 00:41:51.969 UTC [95] LOG:  execute <unnamed>: SELECT current_schema(),session_user
2022-11-08 00:41:51.981 UTC [95] LOG:  execute <unnamed>: SELECT n.oid,n.*,d.description FROM pg_catalog.pg_namespace n
	LEFT OUTER JOIN pg_catalog.pg_description d ON d.objoid=n.oid AND d.objsubid=0 AND d.classoid='pg_namespace'::regclass
	 ORDER BY nspname
2022-11-08 00:41:51.989 UTC [95] LOG:  execute <unnamed>: SELECT n.nspname = ANY(current_schemas(true)), n.nspname, t.typname FROM pg_catalog.pg_type t JOIN pg_catalog.pg_namespace n ON t.typnamespace = n.oid WHERE t.oid = $1
2022-11-08 00:41:51.989 UTC [95] DETAIL:  parameters: $1 = '1034'
2022-11-08 00:41:51.993 UTC [95] LOG:  execute <unnamed>: SELECT typinput='array_in'::regproc as is_array, typtype, typname   FROM pg_catalog.pg_type   LEFT JOIN (select ns.oid as nspoid, ns.nspname, r.r           from pg_namespace as ns           join ( select s.r, (current_schemas(false))[s.r] as nspname                    from generate_series(1, array_upper(current_schemas(false), 1)) as s(r) ) as r          using ( nspname )        ) as sp     ON sp.nspoid = typnamespace  WHERE typname = $1  ORDER BY sp.r, pg_type.oid DESC
2022-11-08 00:41:51.993 UTC [95] DETAIL:  parameters: $1 = '_aclitem'
2022-11-08 00:41:51.996 UTC [95] LOG:  execute <unnamed>: SHOW search_path
2022-11-08 00:41:52.116 UTC [96] LOG:  execute <unnamed>: SET extra_float_digits = 3
2022-11-08 00:41:52.119 UTC [96] LOG:  execute <unnamed>: SET application_name = 'PostgreSQL JDBC Driver'
2022-11-08 00:41:52.122 UTC [96] LOG:  execute <unnamed>: SET application_name = 'DBeaver 22.1.3 - Metadata <postgres>'
2022-11-08 00:41:52.125 UTC [96] LOG:  execute <unnamed>: SELECT current_schema(),session_user
2022-11-08 00:41:52.129 UTC [96] LOG:  execute <unnamed>: SHOW search_path
2022-11-08 00:41:52.135 UTC [96] LOG:  execute <unnamed>: SELECT db.oid,db.* FROM pg_catalog.pg_database db WHERE datname=$1
2022-11-08 00:41:52.135 UTC [96] DETAIL:  parameters: $1 = 'postgres'
2022-11-08 00:41:52.138 UTC [96] LOG:  execute <unnamed>: select * from pg_catalog.pg_settings where name=$1
2022-11-08 00:41:52.138 UTC [96] DETAIL:  parameters: $1 = 'standard_conforming_strings'
2022-11-08 00:41:52.144 UTC [96] LOG:  execute <unnamed>: select string_agg(word, ',') from pg_catalog.pg_get_keywords() where word <> ALL ('{a,abs,absolute,action,ada,add,admin,after,all,allocate,alter,always,and,any,are,array,as,asc,asensitive,assertion,assignment,asymmetric,at,atomic,attribute,attributes,authorization,avg,before,begin,bernoulli,between,bigint,binary,blob,boolean,both,breadth,by,c,call,called,cardinality,cascade,cascaded,case,cast,catalog,catalog_name,ceil,ceiling,chain,char,char_length,character,character_length,character_set_catalog,character_set_name,character_set_schema,characteristics,characters,check,checked,class_origin,clob,close,coalesce,cobol,code_units,collate,collation,collation_catalog,collation_name,collation_schema,collect,column,column_name,command_function,command_function_code,commit,committed,condition,condition_number,connect,connection_name,constraint,constraint_catalog,constraint_name,constraint_schema,constraints,constructors,contains,continue,convert,corr,corresponding,count,covar_pop,covar_samp,create,cross,cube,cume_dist,current,current_collation,current_date,current_default_transform_group,current_path,current_role,current_time,current_timestamp,current_transform_group_for_type,current_user,cursor,cursor_name,cycle,data,date,datetime_interval_code,datetime_interval_precision,day,deallocate,dec,decimal,declare,default,defaults,deferrable,deferred,defined,definer,degree,delete,dense_rank,depth,deref,derived,desc,describe,descriptor,deterministic,diagnostics,disconnect,dispatch,distinct,domain,double,drop,dynamic,dynamic_function,dynamic_function_code,each,element,else,end,end-exec,equals,escape,every,except,exception,exclude,excluding,exec,execute,exists,exp,external,extract,false,fetch,filter,final,first,float,floor,following,for,foreign,fortran,found,free,from,full,function,fusion,g,general,get,global,go,goto,grant,granted,group,grouping,having,hierarchy,hold,hour,identity,immediate,implementation,in,including,increment,indicator,initially,inner,inout,input,insensitive,insert,instance,instantiable,int,integer,intersect,intersection,interval,into,invoker,is,isolation,join,k,key,key_member,key_type,language,large,last,lateral,leading,left,length,level,like,ln,local,localtime,localtimestamp,locator,lower,m,map,match,matched,max,maxvalue,member,merge,message_length,message_octet_length,message_text,method,min,minute,minvalue,mod,modifies,module,month,more,multiset,mumps,name,names,national,natural,nchar,nclob,nesting,new,next,no,none,normalize,normalized,not,"null",nullable,nullif,nulls,number,numeric,object,octet_length,octets,of,old,on,only,open,option,options,or,order,ordering,ordinality,others,out,outer,output,over,overlaps,overlay,overriding,pad,parameter,parameter_mode,parameter_name,parameter_ordinal_position,parameter_specific_catalog,parameter_specific_name,parameter_specific_schema,partial,partition,pascal,path,percent_rank,percentile_cont,percentile_disc,placing,pli,position,power,preceding,precision,prepare,preserve,primary,prior,privileges,procedure,public,range,rank,read,reads,real,recursive,ref,references,referencing,regr_avgx,regr_avgy,regr_count,regr_intercept,regr_r2,regr_slope,regr_sxx,regr_sxy,regr_syy,relative,release,repeatable,restart,result,return,returned_cardinality,returned_length,returned_octet_length,returned_sqlstate,returns,revoke,right,role,rollback,rollup,routine,routine_catalog,routine_name,routine_schema,row,row_count,row_number,rows,savepoint,scale,schema,schema_name,scope_catalog,scope_name,scope_schema,scroll,search,second,section,security,select,self,sensitive,sequence,serializable,server_name,session,session_user,set,sets,similar,simple,size,smallint,some,source,space,specific,specific_name,specifictype,sql,sqlexception,sqlstate,sqlwarning,sqrt,start,state,statement,static,stddev_pop,stddev_samp,structure,style,subclass_origin,submultiset,substring,sum,symmetric,system,system_user,table,table_name,tablesample,temporary,then,ties,time,timestamp,timezone_hour,timezone_minute,to,top_level_count,trailing,transaction,transaction_active,transactions_committed,transactions_rolled_back,transform,transforms,translate,translation,treat,trigger,trigger_catalog,trigger_name,trigger_schema,trim,true,type,uescape,unbounded,uncommitted,under,union,unique,unknown,unnamed,unnest,update,upper,usage,user,user_defined_type_catalog,user_defined_type_code,user_defined_type_name,user_defined_type_schema,using,value,values,var_pop,var_samp,varchar,varying,view,when,whenever,where,width_bucket,window,with,within,without,work,write,year,zone}'::text[])
2022-11-08 00:41:52.149 UTC [96] LOG:  execute <unnamed>: SELECT version()
2022-11-08 00:41:52.165 UTC [96] LOG:  execute <unnamed>: SELECT t.oid,t.*,c.relkind,format_type(nullif(t.typbasetype, 0), t.typtypmod) as base_type_name, d.description
	FROM pg_catalog.pg_type t
	LEFT OUTER JOIN pg_catalog.pg_type et ON et.oid=t.typelem 
	LEFT OUTER JOIN pg_catalog.pg_class c ON c.oid=t.typrelid
	LEFT OUTER JOIN pg_catalog.pg_description d ON t.oid=d.objoid
	WHERE t.typname IS NOT NULL
	AND (c.relkind IS NULL OR c.relkind = 'c') AND (et.typcategory IS NULL OR et.typcategory <> 'C')
2022-11-08 00:41:52.227 UTC [96] LOG:  execute <unnamed>: SELECT c.oid,c.*,d.description,pg_catalog.pg_get_expr(c.relpartbound, c.oid) as partition_expr,  pg_catalog.pg_get_partkeydef(c.oid) as partition_key 
	FROM pg_catalog.pg_class c
	LEFT OUTER JOIN pg_catalog.pg_description d ON d.objoid=c.oid AND d.objsubid=0 AND d.classoid='pg_class'::regclass
	WHERE c.relnamespace=$1 AND c.relkind not in ('i','I','c')
2022-11-08 00:41:52.227 UTC [96] DETAIL:  parameters: $1 = '2200'
2022-11-08 00:41:55.156 UTC [96] LOG:  execute <unnamed>: SELECT n.oid,n.*,d.description FROM pg_catalog.pg_namespace n
	LEFT OUTER JOIN pg_catalog.pg_description d ON d.objoid=n.oid AND d.objsubid=0 AND d.classoid='pg_namespace'::regclass
	 WHERE nspname=$1 ORDER BY nspname
2022-11-08 00:41:55.156 UTC [96] DETAIL:  parameters: $1 = 'public'
2022-11-08 00:41:55.161 UTC [96] LOG:  execute <unnamed>: SELECT n.nspname = ANY(current_schemas(true)), n.nspname, t.typname FROM pg_catalog.pg_type t JOIN pg_catalog.pg_namespace n ON t.typnamespace = n.oid WHERE t.oid = $1
2022-11-08 00:41:55.161 UTC [96] DETAIL:  parameters: $1 = '1034'
2022-11-08 00:41:55.165 UTC [96] LOG:  execute <unnamed>: SELECT typinput='array_in'::regproc as is_array, typtype, typname   FROM pg_catalog.pg_type   LEFT JOIN (select ns.oid as nspoid, ns.nspname, r.r           from pg_namespace as ns           join ( select s.r, (current_schemas(false))[s.r] as nspname                    from generate_series(1, array_upper(current_schemas(false), 1)) as s(r) ) as r          using ( nspname )        ) as sp     ON sp.nspoid = typnamespace  WHERE typname = $1  ORDER BY sp.r, pg_type.oid DESC
2022-11-08 00:41:55.165 UTC [96] DETAIL:  parameters: $1 = '_aclitem'
2022-11-08 00:41:55.178 UTC [96] LOG:  execute <unnamed>: SELECT t.oid,t.*,c.relkind,format_type(nullif(t.typbasetype, 0), t.typtypmod) as base_type_name, d.description
	FROM pg_catalog.pg_type t
	LEFT OUTER JOIN pg_catalog.pg_type et ON et.oid=t.typelem 
	LEFT OUTER JOIN pg_catalog.pg_class c ON c.oid=t.typrelid
	LEFT OUTER JOIN pg_catalog.pg_description d ON t.oid=d.objoid
	WHERE t.typname IS NOT NULL
	AND (c.relkind IS NULL OR c.relkind = 'c') AND (et.typcategory IS NULL OR et.typcategory <> 'C')
2022-11-08 00:41:55.210 UTC [96] LOG:  execute <unnamed>: SELECT c.oid,c.*,d.description,pg_catalog.pg_get_expr(c.relpartbound, c.oid) as partition_expr,  pg_catalog.pg_get_partkeydef(c.oid) as partition_key 
	FROM pg_catalog.pg_class c
	LEFT OUTER JOIN pg_catalog.pg_description d ON d.objoid=c.oid AND d.objsubid=0 AND d.classoid='pg_class'::regclass
	WHERE c.relnamespace=$1 AND c.relkind not in ('i','I','c')
2022-11-08 00:41:55.210 UTC [96] DETAIL:  parameters: $1 = '2200'
2022-11-08 00:41:56.304 UTC [62] LOG:  checkpoint starting: time
2022-11-08 00:41:59.158 UTC [62] LOG:  checkpoint complete: wrote 23 buffers (0.1%); 0 WAL file(s) added, 0 removed, 0 recycled; write=2.315 s, sync=0.351 s, total=2.854 s; sync files=18, longest=0.030 s, average=0.020 s; distance=92 kB, estimate=167 kB
2022-11-08 00:47:59.319 UTC [110] LOG:  statement: SELECT * FROM current_schema()
2022-11-08 00:47:59.387 UTC [110] LOG:  statement: CREATE EXTENSION IF NOT EXISTS "uuid-ossp"
2022-11-08 00:47:59.391 UTC [110] LOG:  statement: SELECT version();
2022-11-08 00:49:27.836 UTC [114] LOG:  statement: SELECT * FROM current_schema()
2022-11-08 00:49:28.514 UTC [114] LOG:  statement: CREATE EXTENSION IF NOT EXISTS "uuid-ossp"
2022-11-08 00:49:28.521 UTC [114] LOG:  statement: SELECT version();
2022-11-08 00:49:28.532 UTC [114] LOG:  statement: SELECT * FROM "information_schema"."tables" WHERE "table_schema" = 'public' AND "table_name" = 'migrations'
2022-11-08 00:49:28.564 UTC [114] LOG:  statement: CREATE TABLE "migrations" ("id" SERIAL NOT NULL, "timestamp" bigint NOT NULL, "name" character varying NOT NULL, CONSTRAINT "PK_8c82d7f526340ab734260ea46be" PRIMARY KEY ("id"))
2022-11-08 00:49:28.704 UTC [114] LOG:  statement: SELECT * FROM "migrations" "migrations" ORDER BY "id" DESC
2022-11-08 00:49:28.719 UTC [114] LOG:  statement: START TRANSACTION
2022-11-08 00:49:28.731 UTC [114] LOG:  statement: CREATE TABLE "profiles" ("id" uuid NOT NULL DEFAULT uuid_generate_v4(), "createdAt" TIMESTAMP NOT NULL DEFAULT now(), "status" boolean NOT NULL DEFAULT true, "name" character varying NOT NULL, CONSTRAINT "PK_8e520eb4da7dc01d0e190447c8e" PRIMARY KEY ("id"))
2022-11-08 00:49:28.783 UTC [114] LOG:  statement: CREATE TABLE "users" ("id" uuid NOT NULL DEFAULT uuid_generate_v4(), "createdAt" TIMESTAMP NOT NULL DEFAULT now(), "status" boolean NOT NULL DEFAULT true, "name" character varying NOT NULL, "email" character varying NOT NULL, "password" character varying NOT NULL, "profileId" uuid, CONSTRAINT "PK_a3ffb1c0c8416b9fc6f907b7433" PRIMARY KEY ("id"))
2022-11-08 00:49:28.820 UTC [114] LOG:  statement: ALTER TABLE "users" ADD CONSTRAINT "FK_b1bda35cdb9a2c1b777f5541d87" FOREIGN KEY ("profileId") REFERENCES "profiles"("id") ON DELETE NO ACTION ON UPDATE NO ACTION
2022-11-08 00:49:28.869 UTC [114] LOG:  execute <unnamed>: INSERT INTO "migrations"("timestamp", "name") VALUES ($1, $2)
2022-11-08 00:49:28.869 UTC [114] DETAIL:  parameters: $1 = '1662603801496', $2 = 'CreateUserAndProfileTables1662603801496'
2022-11-08 00:49:28.877 UTC [114] LOG:  statement: COMMIT
2022-11-08 00:51:31.101 UTC [119] LOG:  execute <unnamed>: SET extra_float_digits = 3
2022-11-08 00:51:31.103 UTC [119] LOG:  execute <unnamed>: SET application_name = 'PostgreSQL JDBC Driver'
2022-11-08 00:51:31.107 UTC [119] LOG:  execute <unnamed>: SET application_name = 'DBeaver 22.1.3 - Main <postgres>'
2022-11-08 00:51:31.110 UTC [119] LOG:  execute <unnamed>: SELECT current_schema(),session_user
2022-11-08 00:51:31.129 UTC [119] LOG:  execute <unnamed>: SELECT n.oid,n.*,d.description FROM pg_catalog.pg_namespace n
	LEFT OUTER JOIN pg_catalog.pg_description d ON d.objoid=n.oid AND d.objsubid=0 AND d.classoid='pg_namespace'::regclass
	 ORDER BY nspname
2022-11-08 00:51:31.138 UTC [119] LOG:  execute <unnamed>: SELECT n.nspname = ANY(current_schemas(true)), n.nspname, t.typname FROM pg_catalog.pg_type t JOIN pg_catalog.pg_namespace n ON t.typnamespace = n.oid WHERE t.oid = $1
2022-11-08 00:51:31.138 UTC [119] DETAIL:  parameters: $1 = '1034'
2022-11-08 00:51:31.141 UTC [119] LOG:  execute <unnamed>: SELECT typinput='array_in'::regproc as is_array, typtype, typname   FROM pg_catalog.pg_type   LEFT JOIN (select ns.oid as nspoid, ns.nspname, r.r           from pg_namespace as ns           join ( select s.r, (current_schemas(false))[s.r] as nspname                    from generate_series(1, array_upper(current_schemas(false), 1)) as s(r) ) as r          using ( nspname )        ) as sp     ON sp.nspoid = typnamespace  WHERE typname = $1  ORDER BY sp.r, pg_type.oid DESC
2022-11-08 00:51:31.141 UTC [119] DETAIL:  parameters: $1 = '_aclitem'
2022-11-08 00:51:31.144 UTC [119] LOG:  execute <unnamed>: SHOW search_path
2022-11-08 00:51:31.258 UTC [120] LOG:  execute <unnamed>: SET extra_float_digits = 3
2022-11-08 00:51:31.260 UTC [120] LOG:  execute <unnamed>: SET application_name = 'PostgreSQL JDBC Driver'
2022-11-08 00:51:31.263 UTC [120] LOG:  execute <unnamed>: SET application_name = 'DBeaver 22.1.3 - Metadata <postgres>'
2022-11-08 00:51:31.266 UTC [120] LOG:  execute <unnamed>: SELECT current_schema(),session_user
2022-11-08 00:51:31.269 UTC [120] LOG:  execute <unnamed>: SHOW search_path
2022-11-08 00:51:31.275 UTC [120] LOG:  execute <unnamed>: SELECT db.oid,db.* FROM pg_catalog.pg_database db WHERE datname=$1
2022-11-08 00:51:31.275 UTC [120] DETAIL:  parameters: $1 = 'postgres'
2022-11-08 00:51:31.278 UTC [120] LOG:  execute <unnamed>: select * from pg_catalog.pg_settings where name=$1
2022-11-08 00:51:31.278 UTC [120] DETAIL:  parameters: $1 = 'standard_conforming_strings'
2022-11-08 00:51:31.282 UTC [120] LOG:  execute <unnamed>: select string_agg(word, ',') from pg_catalog.pg_get_keywords() where word <> ALL ('{a,abs,absolute,action,ada,add,admin,after,all,allocate,alter,always,and,any,are,array,as,asc,asensitive,assertion,assignment,asymmetric,at,atomic,attribute,attributes,authorization,avg,before,begin,bernoulli,between,bigint,binary,blob,boolean,both,breadth,by,c,call,called,cardinality,cascade,cascaded,case,cast,catalog,catalog_name,ceil,ceiling,chain,char,char_length,character,character_length,character_set_catalog,character_set_name,character_set_schema,characteristics,characters,check,checked,class_origin,clob,close,coalesce,cobol,code_units,collate,collation,collation_catalog,collation_name,collation_schema,collect,column,column_name,command_function,command_function_code,commit,committed,condition,condition_number,connect,connection_name,constraint,constraint_catalog,constraint_name,constraint_schema,constraints,constructors,contains,continue,convert,corr,corresponding,count,covar_pop,covar_samp,create,cross,cube,cume_dist,current,current_collation,current_date,current_default_transform_group,current_path,current_role,current_time,current_timestamp,current_transform_group_for_type,current_user,cursor,cursor_name,cycle,data,date,datetime_interval_code,datetime_interval_precision,day,deallocate,dec,decimal,declare,default,defaults,deferrable,deferred,defined,definer,degree,delete,dense_rank,depth,deref,derived,desc,describe,descriptor,deterministic,diagnostics,disconnect,dispatch,distinct,domain,double,drop,dynamic,dynamic_function,dynamic_function_code,each,element,else,end,end-exec,equals,escape,every,except,exception,exclude,excluding,exec,execute,exists,exp,external,extract,false,fetch,filter,final,first,float,floor,following,for,foreign,fortran,found,free,from,full,function,fusion,g,general,get,global,go,goto,grant,granted,group,grouping,having,hierarchy,hold,hour,identity,immediate,implementation,in,including,increment,indicator,initially,inner,inout,input,insensitive,insert,instance,instantiable,int,integer,intersect,intersection,interval,into,invoker,is,isolation,join,k,key,key_member,key_type,language,large,last,lateral,leading,left,length,level,like,ln,local,localtime,localtimestamp,locator,lower,m,map,match,matched,max,maxvalue,member,merge,message_length,message_octet_length,message_text,method,min,minute,minvalue,mod,modifies,module,month,more,multiset,mumps,name,names,national,natural,nchar,nclob,nesting,new,next,no,none,normalize,normalized,not,"null",nullable,nullif,nulls,number,numeric,object,octet_length,octets,of,old,on,only,open,option,options,or,order,ordering,ordinality,others,out,outer,output,over,overlaps,overlay,overriding,pad,parameter,parameter_mode,parameter_name,parameter_ordinal_position,parameter_specific_catalog,parameter_specific_name,parameter_specific_schema,partial,partition,pascal,path,percent_rank,percentile_cont,percentile_disc,placing,pli,position,power,preceding,precision,prepare,preserve,primary,prior,privileges,procedure,public,range,rank,read,reads,real,recursive,ref,references,referencing,regr_avgx,regr_avgy,regr_count,regr_intercept,regr_r2,regr_slope,regr_sxx,regr_sxy,regr_syy,relative,release,repeatable,restart,result,return,returned_cardinality,returned_length,returned_octet_length,returned_sqlstate,returns,revoke,right,role,rollback,rollup,routine,routine_catalog,routine_name,routine_schema,row,row_count,row_number,rows,savepoint,scale,schema,schema_name,scope_catalog,scope_name,scope_schema,scroll,search,second,section,security,select,self,sensitive,sequence,serializable,server_name,session,session_user,set,sets,similar,simple,size,smallint,some,source,space,specific,specific_name,specifictype,sql,sqlexception,sqlstate,sqlwarning,sqrt,start,state,statement,static,stddev_pop,stddev_samp,structure,style,subclass_origin,submultiset,substring,sum,symmetric,system,system_user,table,table_name,tablesample,temporary,then,ties,time,timestamp,timezone_hour,timezone_minute,to,top_level_count,trailing,transaction,transaction_active,transactions_committed,transactions_rolled_back,transform,transforms,translate,translation,treat,trigger,trigger_catalog,trigger_name,trigger_schema,trim,true,type,uescape,unbounded,uncommitted,under,union,unique,unknown,unnamed,unnest,update,upper,usage,user,user_defined_type_catalog,user_defined_type_code,user_defined_type_name,user_defined_type_schema,using,value,values,var_pop,var_samp,varchar,varying,view,when,whenever,where,width_bucket,window,with,within,without,work,write,year,zone}'::text[])
2022-11-08 00:51:31.287 UTC [120] LOG:  execute <unnamed>: SELECT version()
2022-11-08 00:51:31.311 UTC [120] LOG:  execute <unnamed>: SELECT t.oid,t.*,c.relkind,format_type(nullif(t.typbasetype, 0), t.typtypmod) as base_type_name, d.description
	FROM pg_catalog.pg_type t
	LEFT OUTER JOIN pg_catalog.pg_type et ON et.oid=t.typelem 
	LEFT OUTER JOIN pg_catalog.pg_class c ON c.oid=t.typrelid
	LEFT OUTER JOIN pg_catalog.pg_description d ON t.oid=d.objoid
	WHERE t.typname IS NOT NULL
	AND (c.relkind IS NULL OR c.relkind = 'c') AND (et.typcategory IS NULL OR et.typcategory <> 'C')
2022-11-08 00:51:31.342 UTC [120] LOG:  execute <unnamed>: SELECT c.oid,c.*,d.description,pg_catalog.pg_get_expr(c.relpartbound, c.oid) as partition_expr,  pg_catalog.pg_get_partkeydef(c.oid) as partition_key 
	FROM pg_catalog.pg_class c
	LEFT OUTER JOIN pg_catalog.pg_description d ON d.objoid=c.oid AND d.objsubid=0 AND d.classoid='pg_class'::regclass
	WHERE c.relnamespace=$1 AND c.relkind not in ('i','I','c')
2022-11-08 00:51:31.342 UTC [120] DETAIL:  parameters: $1 = '2200'
2022-11-08 00:51:31.444 UTC [120] LOG:  execute <unnamed>: select c.oid,pg_catalog.pg_total_relation_size(c.oid) as total_rel_size,pg_catalog.pg_relation_size(c.oid) as rel_size
	FROM pg_class c
	WHERE c.relnamespace=$1
2022-11-08 00:51:31.444 UTC [120] DETAIL:  parameters: $1 = '2200'
2022-11-08 00:51:49.719 UTC [120] LOG:  execute <unnamed>: SELECT c.relname,a.*,pg_catalog.pg_get_expr(ad.adbin, ad.adrelid, true) as def_value,dsc.description
	FROM pg_catalog.pg_attribute a
	INNER JOIN pg_catalog.pg_class c ON (a.attrelid=c.oid)
	LEFT OUTER JOIN pg_catalog.pg_attrdef ad ON (a.attrelid=ad.adrelid AND a.attnum = ad.adnum)
	LEFT OUTER JOIN pg_catalog.pg_description dsc ON (c.oid=dsc.objoid AND a.attnum = dsc.objsubid)
	WHERE NOT a.attisdropped AND c.oid=$1 ORDER BY a.attnum
2022-11-08 00:51:49.719 UTC [120] DETAIL:  parameters: $1 = '16417'
2022-11-08 00:51:49.735 UTC [119] LOG:  execute <unnamed>: SELECT * FROM public.users
2022-11-08 00:51:49.760 UTC [119] LOG:  execute <unnamed>: SELECT c.oid, a.attnum, a.attname, c.relname, n.nspname, a.attnotnull OR (t.typtype = 'd' AND t.typnotnull), a.attidentity != '' OR pg_catalog.pg_get_expr(d.adbin, d.adrelid) LIKE '%nextval(%' FROM pg_catalog.pg_class c JOIN pg_catalog.pg_namespace n ON (c.relnamespace = n.oid) JOIN pg_catalog.pg_attribute a ON (c.oid = a.attrelid) JOIN pg_catalog.pg_type t ON (a.atttypid = t.oid) LEFT JOIN pg_catalog.pg_attrdef d ON (d.adrelid = a.attrelid AND d.adnum = a.attnum) JOIN (SELECT 16417 AS oid , 1 AS attnum UNION ALL SELECT 16417, 2 UNION ALL SELECT 16417, 3 UNION ALL SELECT 16417, 4 UNION ALL SELECT 16417, 5 UNION ALL SELECT 16417, 6 UNION ALL SELECT 16417, 7) vals ON (c.oid = vals.oid AND a.attnum = vals.attnum) 
2022-11-08 00:51:49.763 UTC [119] LOG:  execute <unnamed>: SHOW TRANSACTION ISOLATION LEVEL
2022-11-08 00:51:49.777 UTC [120] LOG:  execute <unnamed>: SELECT i.*,i.indkey as keys,c.relname,c.relnamespace,c.relam,c.reltablespace,tc.relname as tabrelname,dsc.description,pg_catalog.pg_get_expr(i.indpred, i.indrelid) as pred_expr,pg_catalog.pg_get_expr(i.indexprs, i.indrelid, true) as expr,pg_catalog.pg_relation_size(i.indexrelid) as index_rel_size,pg_catalog.pg_stat_get_numscans(i.indexrelid) as index_num_scans
	FROM pg_catalog.pg_index i
	INNER JOIN pg_catalog.pg_class c ON c.oid=i.indexrelid
	INNER JOIN pg_catalog.pg_class tc ON tc.oid=i.indrelid
	LEFT OUTER JOIN pg_catalog.pg_description dsc ON i.indexrelid=dsc.objoid
	WHERE  i.indrelid=$1 ORDER BY c.relname
2022-11-08 00:51:49.777 UTC [120] DETAIL:  parameters: $1 = '16417'
2022-11-08 00:51:49.806 UTC [120] LOG:  execute <unnamed>: SELECT c.oid,c.*,t.relname as tabrelname,rt.relnamespace as refnamespace,d.description, case when c.contype='c' then "substring"(pg_get_constraintdef(c.oid), 7) else null end consrc_copy
	FROM pg_catalog.pg_constraint c
	INNER JOIN pg_catalog.pg_class t ON t.oid=c.conrelid
	LEFT OUTER JOIN pg_catalog.pg_class rt ON rt.oid=c.confrelid
	LEFT OUTER JOIN pg_catalog.pg_description d ON d.objoid=c.oid AND d.objsubid=0 AND d.classoid='pg_constraint'::regclass
	WHERE c.conrelid=$1
	ORDER BY c.oid
2022-11-08 00:51:49.806 UTC [120] DETAIL:  parameters: $1 = '16417'
2022-11-08 00:51:49.814 UTC [120] LOG:  execute <unnamed>: SELECT c.relname,a.*,pg_catalog.pg_get_expr(ad.adbin, ad.adrelid, true) as def_value,dsc.description
	FROM pg_catalog.pg_attribute a
	INNER JOIN pg_catalog.pg_class c ON (a.attrelid=c.oid)
	LEFT OUTER JOIN pg_catalog.pg_attrdef ad ON (a.attrelid=ad.adrelid AND a.attnum = ad.adnum)
	LEFT OUTER JOIN pg_catalog.pg_description dsc ON (c.oid=dsc.objoid AND a.attnum = dsc.objsubid)
	WHERE NOT a.attisdropped AND c.oid=$1 ORDER BY a.attnum
2022-11-08 00:51:49.814 UTC [120] DETAIL:  parameters: $1 = '16407'
2022-11-08 00:51:49.819 UTC [120] LOG:  execute <unnamed>: SELECT c.oid,c.*,t.relname as tabrelname,rt.relnamespace as refnamespace,d.description, case when c.contype='c' then "substring"(pg_get_constraintdef(c.oid), 7) else null end consrc_copy
	FROM pg_catalog.pg_constraint c
	INNER JOIN pg_catalog.pg_class t ON t.oid=c.conrelid
	LEFT OUTER JOIN pg_catalog.pg_class rt ON rt.oid=c.confrelid
	LEFT OUTER JOIN pg_catalog.pg_description d ON d.objoid=c.oid AND d.objsubid=0 AND d.classoid='pg_constraint'::regclass
	WHERE c.conrelid=$1
	ORDER BY c.oid
2022-11-08 00:51:49.819 UTC [120] DETAIL:  parameters: $1 = '16407'
2022-11-08 00:51:49.827 UTC [120] LOG:  execute <unnamed>: SELECT n.nspname = ANY(current_schemas(true)), n.nspname, t.typname FROM pg_catalog.pg_type t JOIN pg_catalog.pg_namespace n ON t.typnamespace = n.oid WHERE t.oid = $1
2022-11-08 00:51:49.827 UTC [120] DETAIL:  parameters: $1 = '22'
2022-11-08 00:51:49.832 UTC [120] LOG:  execute <unnamed>: SELECT typinput='array_in'::regproc as is_array, typtype, typname   FROM pg_catalog.pg_type   LEFT JOIN (select ns.oid as nspoid, ns.nspname, r.r           from pg_namespace as ns           join ( select s.r, (current_schemas(false))[s.r] as nspname                    from generate_series(1, array_upper(current_schemas(false), 1)) as s(r) ) as r          using ( nspname )        ) as sp     ON sp.nspoid = typnamespace  WHERE typname = $1  ORDER BY sp.r, pg_type.oid DESC
2022-11-08 00:51:49.832 UTC [120] DETAIL:  parameters: $1 = 'int2vector'
2022-11-08 00:51:49.835 UTC [120] LOG:  execute <unnamed>: SELECT n.nspname = ANY(current_schemas(true)), n.nspname, t.typname FROM pg_catalog.pg_type t JOIN pg_catalog.pg_namespace n ON t.typnamespace = n.oid WHERE t.oid = $1
2022-11-08 00:51:49.835 UTC [120] DETAIL:  parameters: $1 = '30'
2022-11-08 00:51:49.843 UTC [120] LOG:  execute <unnamed>: SELECT typinput='array_in'::regproc as is_array, typtype, typname   FROM pg_catalog.pg_type   LEFT JOIN (select ns.oid as nspoid, ns.nspname, r.r           from pg_namespace as ns           join ( select s.r, (current_schemas(false))[s.r] as nspname                    from generate_series(1, array_upper(current_schemas(false), 1)) as s(r) ) as r          using ( nspname )        ) as sp     ON sp.nspoid = typnamespace  WHERE typname = $1  ORDER BY sp.r, pg_type.oid DESC
2022-11-08 00:51:49.843 UTC [120] DETAIL:  parameters: $1 = 'oidvector'
2022-11-08 00:51:49.853 UTC [120] LOG:  execute <unnamed>: SELECT am.oid,am.* FROM pg_catalog.pg_am am 
	ORDER BY am.oid
2022-11-08 00:51:49.864 UTC [120] LOG:  execute <unnamed>: SELECT i.*,c.relnamespace FROM pg_catalog.pg_inherits i,pg_catalog.pg_class c WHERE i.inhrelid=$1 AND c.oid=i.inhparent ORDER BY i.inhseqno
2022-11-08 00:51:49.864 UTC [120] DETAIL:  parameters: $1 = '16417'
2022-11-08 00:51:55.014 UTC [120] LOG:  execute <unnamed>: SELECT t.oid,t.*,pg_tablespace_location(t.oid) loc
	FROM pg_catalog.pg_tablespace t 
	ORDER BY t.oid
2022-11-08 00:51:55.053 UTC [120] LOG:  execute <unnamed>: SELECT a.oid,a.* FROM pg_catalog.pg_roles a 
	ORDER BY a.rolname
2022-11-08 00:51:55.410 UTC [120] LOG:  execute <unnamed>: SELECT c.oid,c.* FROM pg_catalog.pg_collation c 
	ORDER BY c.oid
2022-11-08 00:51:56.365 UTC [62] LOG:  checkpoint starting: time
2022-11-08 00:52:03.111 UTC [62] LOG:  checkpoint complete: wrote 64 buffers (0.4%); 0 WAL file(s) added, 0 removed, 0 recycled; write=6.535 s, sync=0.144 s, total=6.747 s; sync files=43, longest=0.016 s, average=0.004 s; distance=221 kB, estimate=221 kB
2022-11-08 00:52:59.118 UTC [124] LOG:  statement: SELECT * FROM current_schema()
2022-11-08 00:52:59.193 UTC [124] LOG:  statement: CREATE EXTENSION IF NOT EXISTS "uuid-ossp"
2022-11-08 00:52:59.196 UTC [124] LOG:  statement: SELECT version();
2022-11-08 00:53:10.019 UTC [125] LOG:  execute <unnamed>: SELECT "User"."id" AS "User_id", "User"."createdAt" AS "User_createdAt", "User"."status" AS "User_status", "User"."name" AS "User_name", "User"."email" AS "User_email", "User"."password" AS "User_password", "User"."profileId" AS "User_profileId" FROM "users" "User" WHERE ("User"."email" = $1) LIMIT 1
2022-11-08 00:53:10.019 UTC [125] DETAIL:  parameters: $1 = 'diogo@gmail.com'
2022-11-08 00:53:10.134 UTC [125] LOG:  execute <unnamed>: SELECT "User"."id" AS "User_id", "User"."createdAt" AS "User_createdAt", "User"."status" AS "User_status", "User"."name" AS "User_name", "User"."email" AS "User_email", "User"."password" AS "User_password", "User"."profileId" AS "User_profileId" FROM "users" "User" WHERE "User"."id" IN ($1)
2022-11-08 00:53:10.134 UTC [125] DETAIL:  parameters: $1 = '48c133fd-6c87-4ea8-82e1-8cb57b66a885'
2022-11-08 00:53:10.139 UTC [125] LOG:  statement: START TRANSACTION
2022-11-08 00:53:10.151 UTC [125] LOG:  execute <unnamed>: INSERT INTO "users"("id", "createdAt", "status", "name", "email", "password", "profileId") VALUES ($1, $2, $3, DEFAULT, $4, $5, DEFAULT) RETURNING "id", "createdAt", "status"
2022-11-08 00:53:10.151 UTC [125] DETAIL:  parameters: $1 = '48c133fd-6c87-4ea8-82e1-8cb57b66a885', $2 = '2022-11-07 21:53:10.022', $3 = 't', $4 = 'diogo@gmail.com', $5 = '$2b$10$4ZlmPPqNz6t5rSWsB65GXuUPyn0CuxAZjsxFasAe9D.1.IN8355OC'
2022-11-08 00:53:10.152 UTC [125] ERROR:  null value in column "name" of relation "users" violates not-null constraint
2022-11-08 00:53:10.152 UTC [125] DETAIL:  Failing row contains (48c133fd-6c87-4ea8-82e1-8cb57b66a885, 2022-11-07 21:53:10.022, t, null, diogo@gmail.com, $2b$10$4ZlmPPqNz6t5rSWsB65GXuUPyn0CuxAZjsxFasAe9D.1.IN8355OC, null).
2022-11-08 00:53:10.152 UTC [125] STATEMENT:  INSERT INTO "users"("id", "createdAt", "status", "name", "email", "password", "profileId") VALUES ($1, $2, $3, DEFAULT, $4, $5, DEFAULT) RETURNING "id", "createdAt", "status"
2022-11-08 00:53:10.156 UTC [125] LOG:  statement: ROLLBACK
2022-11-08 00:53:55.411 UTC [127] LOG:  execute <unnamed>: SELECT "User"."id" AS "User_id", "User"."createdAt" AS "User_createdAt", "User"."status" AS "User_status", "User"."name" AS "User_name", "User"."email" AS "User_email", "User"."password" AS "User_password", "User"."profileId" AS "User_profileId" FROM "users" "User" WHERE ("User"."email" = $1) LIMIT 1
2022-11-08 00:53:55.411 UTC [127] DETAIL:  parameters: $1 = 'diogo@gmail.com'
2022-11-08 00:53:55.520 UTC [127] LOG:  execute <unnamed>: SELECT "User"."id" AS "User_id", "User"."createdAt" AS "User_createdAt", "User"."status" AS "User_status", "User"."name" AS "User_name", "User"."email" AS "User_email", "User"."password" AS "User_password", "User"."profileId" AS "User_profileId" FROM "users" "User" WHERE "User"."id" IN ($1)
2022-11-08 00:53:55.520 UTC [127] DETAIL:  parameters: $1 = '388e5737-b8e8-4a06-9abd-f5825df405cf'
2022-11-08 00:53:55.523 UTC [127] LOG:  statement: START TRANSACTION
2022-11-08 00:53:55.528 UTC [127] LOG:  execute <unnamed>: INSERT INTO "users"("id", "createdAt", "status", "name", "email", "password", "profileId") VALUES ($1, $2, $3, $4, $5, $6, DEFAULT) RETURNING "id", "createdAt", "status"
2022-11-08 00:53:55.528 UTC [127] DETAIL:  parameters: $1 = '388e5737-b8e8-4a06-9abd-f5825df405cf', $2 = '2022-11-07 21:53:55.413', $3 = 't', $4 = 'Diogo Alves de Andrade', $5 = 'diogo@gmail.com', $6 = '$2b$10$MJUpRAWqn/k6XZy2/18qqudJvGLZ.S/rUbS5/b05ODcaU4rlRrlou'
2022-11-08 00:53:55.538 UTC [127] LOG:  statement: COMMIT
2022-11-08 00:54:11.117 UTC [129] LOG:  execute <unnamed>: SET extra_float_digits = 3
2022-11-08 00:54:11.120 UTC [129] LOG:  execute <unnamed>: SET application_name = 'PostgreSQL JDBC Driver'
2022-11-08 00:54:11.125 UTC [129] LOG:  execute <unnamed>: SET application_name = 'DBeaver 22.1.3 - Main <postgres>'
2022-11-08 00:54:11.130 UTC [129] LOG:  execute <unnamed>: SELECT current_schema(),session_user
2022-11-08 00:54:11.152 UTC [129] LOG:  execute <unnamed>: SELECT n.oid,n.*,d.description FROM pg_catalog.pg_namespace n
	LEFT OUTER JOIN pg_catalog.pg_description d ON d.objoid=n.oid AND d.objsubid=0 AND d.classoid='pg_namespace'::regclass
	 ORDER BY nspname
2022-11-08 00:54:11.165 UTC [129] LOG:  execute <unnamed>: SELECT n.nspname = ANY(current_schemas(true)), n.nspname, t.typname FROM pg_catalog.pg_type t JOIN pg_catalog.pg_namespace n ON t.typnamespace = n.oid WHERE t.oid = $1
2022-11-08 00:54:11.165 UTC [129] DETAIL:  parameters: $1 = '1034'
2022-11-08 00:54:11.171 UTC [129] LOG:  execute <unnamed>: SELECT typinput='array_in'::regproc as is_array, typtype, typname   FROM pg_catalog.pg_type   LEFT JOIN (select ns.oid as nspoid, ns.nspname, r.r           from pg_namespace as ns           join ( select s.r, (current_schemas(false))[s.r] as nspname                    from generate_series(1, array_upper(current_schemas(false), 1)) as s(r) ) as r          using ( nspname )        ) as sp     ON sp.nspoid = typnamespace  WHERE typname = $1  ORDER BY sp.r, pg_type.oid DESC
2022-11-08 00:54:11.171 UTC [129] DETAIL:  parameters: $1 = '_aclitem'
2022-11-08 00:54:11.176 UTC [129] LOG:  execute <unnamed>: SHOW search_path
2022-11-08 00:54:11.363 UTC [130] LOG:  execute <unnamed>: SET extra_float_digits = 3
2022-11-08 00:54:11.366 UTC [130] LOG:  execute <unnamed>: SET application_name = 'PostgreSQL JDBC Driver'
2022-11-08 00:54:11.370 UTC [130] LOG:  execute <unnamed>: SET application_name = 'DBeaver 22.1.3 - Metadata <postgres>'
2022-11-08 00:54:11.375 UTC [130] LOG:  execute <unnamed>: SELECT current_schema(),session_user
2022-11-08 00:54:11.378 UTC [130] LOG:  execute <unnamed>: SHOW search_path
2022-11-08 00:54:11.386 UTC [130] LOG:  execute <unnamed>: SELECT db.oid,db.* FROM pg_catalog.pg_database db WHERE datname=$1
2022-11-08 00:54:11.386 UTC [130] DETAIL:  parameters: $1 = 'postgres'
2022-11-08 00:54:11.390 UTC [130] LOG:  execute <unnamed>: select * from pg_catalog.pg_settings where name=$1
2022-11-08 00:54:11.390 UTC [130] DETAIL:  parameters: $1 = 'standard_conforming_strings'
2022-11-08 00:54:11.397 UTC [130] LOG:  execute <unnamed>: select string_agg(word, ',') from pg_catalog.pg_get_keywords() where word <> ALL ('{a,abs,absolute,action,ada,add,admin,after,all,allocate,alter,always,and,any,are,array,as,asc,asensitive,assertion,assignment,asymmetric,at,atomic,attribute,attributes,authorization,avg,before,begin,bernoulli,between,bigint,binary,blob,boolean,both,breadth,by,c,call,called,cardinality,cascade,cascaded,case,cast,catalog,catalog_name,ceil,ceiling,chain,char,char_length,character,character_length,character_set_catalog,character_set_name,character_set_schema,characteristics,characters,check,checked,class_origin,clob,close,coalesce,cobol,code_units,collate,collation,collation_catalog,collation_name,collation_schema,collect,column,column_name,command_function,command_function_code,commit,committed,condition,condition_number,connect,connection_name,constraint,constraint_catalog,constraint_name,constraint_schema,constraints,constructors,contains,continue,convert,corr,corresponding,count,covar_pop,covar_samp,create,cross,cube,cume_dist,current,current_collation,current_date,current_default_transform_group,current_path,current_role,current_time,current_timestamp,current_transform_group_for_type,current_user,cursor,cursor_name,cycle,data,date,datetime_interval_code,datetime_interval_precision,day,deallocate,dec,decimal,declare,default,defaults,deferrable,deferred,defined,definer,degree,delete,dense_rank,depth,deref,derived,desc,describe,descriptor,deterministic,diagnostics,disconnect,dispatch,distinct,domain,double,drop,dynamic,dynamic_function,dynamic_function_code,each,element,else,end,end-exec,equals,escape,every,except,exception,exclude,excluding,exec,execute,exists,exp,external,extract,false,fetch,filter,final,first,float,floor,following,for,foreign,fortran,found,free,from,full,function,fusion,g,general,get,global,go,goto,grant,granted,group,grouping,having,hierarchy,hold,hour,identity,immediate,implementation,in,including,increment,indicator,initially,inner,inout,input,insensitive,insert,instance,instantiable,int,integer,intersect,intersection,interval,into,invoker,is,isolation,join,k,key,key_member,key_type,language,large,last,lateral,leading,left,length,level,like,ln,local,localtime,localtimestamp,locator,lower,m,map,match,matched,max,maxvalue,member,merge,message_length,message_octet_length,message_text,method,min,minute,minvalue,mod,modifies,module,month,more,multiset,mumps,name,names,national,natural,nchar,nclob,nesting,new,next,no,none,normalize,normalized,not,"null",nullable,nullif,nulls,number,numeric,object,octet_length,octets,of,old,on,only,open,option,options,or,order,ordering,ordinality,others,out,outer,output,over,overlaps,overlay,overriding,pad,parameter,parameter_mode,parameter_name,parameter_ordinal_position,parameter_specific_catalog,parameter_specific_name,parameter_specific_schema,partial,partition,pascal,path,percent_rank,percentile_cont,percentile_disc,placing,pli,position,power,preceding,precision,prepare,preserve,primary,prior,privileges,procedure,public,range,rank,read,reads,real,recursive,ref,references,referencing,regr_avgx,regr_avgy,regr_count,regr_intercept,regr_r2,regr_slope,regr_sxx,regr_sxy,regr_syy,relative,release,repeatable,restart,result,return,returned_cardinality,returned_length,returned_octet_length,returned_sqlstate,returns,revoke,right,role,rollback,rollup,routine,routine_catalog,routine_name,routine_schema,row,row_count,row_number,rows,savepoint,scale,schema,schema_name,scope_catalog,scope_name,scope_schema,scroll,search,second,section,security,select,self,sensitive,sequence,serializable,server_name,session,session_user,set,sets,similar,simple,size,smallint,some,source,space,specific,specific_name,specifictype,sql,sqlexception,sqlstate,sqlwarning,sqrt,start,state,statement,static,stddev_pop,stddev_samp,structure,style,subclass_origin,submultiset,substring,sum,symmetric,system,system_user,table,table_name,tablesample,temporary,then,ties,time,timestamp,timezone_hour,timezone_minute,to,top_level_count,trailing,transaction,transaction_active,transactions_committed,transactions_rolled_back,transform,transforms,translate,translation,treat,trigger,trigger_catalog,trigger_name,trigger_schema,trim,true,type,uescape,unbounded,uncommitted,under,union,unique,unknown,unnamed,unnest,update,upper,usage,user,user_defined_type_catalog,user_defined_type_code,user_defined_type_name,user_defined_type_schema,using,value,values,var_pop,var_samp,varchar,varying,view,when,whenever,where,width_bucket,window,with,within,without,work,write,year,zone}'::text[])
2022-11-08 00:54:11.411 UTC [130] LOG:  execute <unnamed>: SELECT version()
2022-11-08 00:54:11.435 UTC [130] LOG:  execute <unnamed>: SELECT t.oid,t.*,c.relkind,format_type(nullif(t.typbasetype, 0), t.typtypmod) as base_type_name, d.description
	FROM pg_catalog.pg_type t
	LEFT OUTER JOIN pg_catalog.pg_type et ON et.oid=t.typelem 
	LEFT OUTER JOIN pg_catalog.pg_class c ON c.oid=t.typrelid
	LEFT OUTER JOIN pg_catalog.pg_description d ON t.oid=d.objoid
	WHERE t.typname IS NOT NULL
	AND (c.relkind IS NULL OR c.relkind = 'c') AND (et.typcategory IS NULL OR et.typcategory <> 'C')
2022-11-08 00:54:11.499 UTC [130] LOG:  execute <unnamed>: SELECT c.oid,c.*,d.description,pg_catalog.pg_get_expr(c.relpartbound, c.oid) as partition_expr,  pg_catalog.pg_get_partkeydef(c.oid) as partition_key 
	FROM pg_catalog.pg_class c
	LEFT OUTER JOIN pg_catalog.pg_description d ON d.objoid=c.oid AND d.objsubid=0 AND d.classoid='pg_class'::regclass
	WHERE c.relnamespace=$1 AND c.relkind not in ('i','I','c')
2022-11-08 00:54:11.499 UTC [130] DETAIL:  parameters: $1 = '2200'
2022-11-08 00:54:11.521 UTC [130] LOG:  execute <unnamed>: SELECT c.relname,a.*,pg_catalog.pg_get_expr(ad.adbin, ad.adrelid, true) as def_value,dsc.description
	FROM pg_catalog.pg_attribute a
	INNER JOIN pg_catalog.pg_class c ON (a.attrelid=c.oid)
	LEFT OUTER JOIN pg_catalog.pg_attrdef ad ON (a.attrelid=ad.adrelid AND a.attnum = ad.adnum)
	LEFT OUTER JOIN pg_catalog.pg_description dsc ON (c.oid=dsc.objoid AND a.attnum = dsc.objsubid)
	WHERE NOT a.attisdropped AND c.oid=$1 ORDER BY a.attnum
2022-11-08 00:54:11.521 UTC [130] DETAIL:  parameters: $1 = '16417'
2022-11-08 00:54:11.700 UTC [130] LOG:  execute <unnamed>: select c.oid,pg_catalog.pg_total_relation_size(c.oid) as total_rel_size,pg_catalog.pg_relation_size(c.oid) as rel_size
	FROM pg_class c
	WHERE c.relnamespace=$1
2022-11-08 00:54:11.700 UTC [130] DETAIL:  parameters: $1 = '2200'
2022-11-08 00:54:14.137 UTC [129] LOG:  execute <unnamed>: SELECT * FROM public.users
2022-11-08 00:54:14.165 UTC [129] LOG:  execute <unnamed>: SELECT c.oid, a.attnum, a.attname, c.relname, n.nspname, a.attnotnull OR (t.typtype = 'd' AND t.typnotnull), a.attidentity != '' OR pg_catalog.pg_get_expr(d.adbin, d.adrelid) LIKE '%nextval(%' FROM pg_catalog.pg_class c JOIN pg_catalog.pg_namespace n ON (c.relnamespace = n.oid) JOIN pg_catalog.pg_attribute a ON (c.oid = a.attrelid) JOIN pg_catalog.pg_type t ON (a.atttypid = t.oid) LEFT JOIN pg_catalog.pg_attrdef d ON (d.adrelid = a.attrelid AND d.adnum = a.attnum) JOIN (SELECT 16417 AS oid , 1 AS attnum UNION ALL SELECT 16417, 2 UNION ALL SELECT 16417, 3 UNION ALL SELECT 16417, 4 UNION ALL SELECT 16417, 5 UNION ALL SELECT 16417, 6 UNION ALL SELECT 16417, 7) vals ON (c.oid = vals.oid AND a.attnum = vals.attnum) 
2022-11-08 00:54:14.177 UTC [129] LOG:  execute <unnamed>: SHOW TRANSACTION ISOLATION LEVEL
2022-11-08 00:54:14.190 UTC [130] LOG:  execute <unnamed>: SELECT i.*,i.indkey as keys,c.relname,c.relnamespace,c.relam,c.reltablespace,tc.relname as tabrelname,dsc.description,pg_catalog.pg_get_expr(i.indpred, i.indrelid) as pred_expr,pg_catalog.pg_get_expr(i.indexprs, i.indrelid, true) as expr,pg_catalog.pg_relation_size(i.indexrelid) as index_rel_size,pg_catalog.pg_stat_get_numscans(i.indexrelid) as index_num_scans
	FROM pg_catalog.pg_index i
	INNER JOIN pg_catalog.pg_class c ON c.oid=i.indexrelid
	INNER JOIN pg_catalog.pg_class tc ON tc.oid=i.indrelid
	LEFT OUTER JOIN pg_catalog.pg_description dsc ON i.indexrelid=dsc.objoid
	WHERE  i.indrelid=$1 ORDER BY c.relname
2022-11-08 00:54:14.190 UTC [130] DETAIL:  parameters: $1 = '16417'
2022-11-08 00:54:14.301 UTC [130] LOG:  execute <unnamed>: SELECT c.oid,c.*,t.relname as tabrelname,rt.relnamespace as refnamespace,d.description, case when c.contype='c' then "substring"(pg_get_constraintdef(c.oid), 7) else null end consrc_copy
	FROM pg_catalog.pg_constraint c
	INNER JOIN pg_catalog.pg_class t ON t.oid=c.conrelid
	LEFT OUTER JOIN pg_catalog.pg_class rt ON rt.oid=c.confrelid
	LEFT OUTER JOIN pg_catalog.pg_description d ON d.objoid=c.oid AND d.objsubid=0 AND d.classoid='pg_constraint'::regclass
	WHERE c.conrelid=$1
	ORDER BY c.oid
2022-11-08 00:54:14.301 UTC [130] DETAIL:  parameters: $1 = '16417'
2022-11-08 00:54:14.310 UTC [130] LOG:  execute <unnamed>: SELECT c.relname,a.*,pg_catalog.pg_get_expr(ad.adbin, ad.adrelid, true) as def_value,dsc.description
	FROM pg_catalog.pg_attribute a
	INNER JOIN pg_catalog.pg_class c ON (a.attrelid=c.oid)
	LEFT OUTER JOIN pg_catalog.pg_attrdef ad ON (a.attrelid=ad.adrelid AND a.attnum = ad.adnum)
	LEFT OUTER JOIN pg_catalog.pg_description dsc ON (c.oid=dsc.objoid AND a.attnum = dsc.objsubid)
	WHERE NOT a.attisdropped AND c.oid=$1 ORDER BY a.attnum
2022-11-08 00:54:14.310 UTC [130] DETAIL:  parameters: $1 = '16407'
2022-11-08 00:54:14.324 UTC [130] LOG:  execute <unnamed>: SELECT c.oid,c.*,t.relname as tabrelname,rt.relnamespace as refnamespace,d.description, case when c.contype='c' then "substring"(pg_get_constraintdef(c.oid), 7) else null end consrc_copy
	FROM pg_catalog.pg_constraint c
	INNER JOIN pg_catalog.pg_class t ON t.oid=c.conrelid
	LEFT OUTER JOIN pg_catalog.pg_class rt ON rt.oid=c.confrelid
	LEFT OUTER JOIN pg_catalog.pg_description d ON d.objoid=c.oid AND d.objsubid=0 AND d.classoid='pg_constraint'::regclass
	WHERE c.conrelid=$1
	ORDER BY c.oid
2022-11-08 00:54:14.324 UTC [130] DETAIL:  parameters: $1 = '16407'
2022-11-08 00:54:14.363 UTC [130] LOG:  execute <unnamed>: SELECT n.nspname = ANY(current_schemas(true)), n.nspname, t.typname FROM pg_catalog.pg_type t JOIN pg_catalog.pg_namespace n ON t.typnamespace = n.oid WHERE t.oid = $1
2022-11-08 00:54:14.363 UTC [130] DETAIL:  parameters: $1 = '22'
2022-11-08 00:54:14.375 UTC [130] LOG:  execute <unnamed>: SELECT typinput='array_in'::regproc as is_array, typtype, typname   FROM pg_catalog.pg_type   LEFT JOIN (select ns.oid as nspoid, ns.nspname, r.r           from pg_namespace as ns           join ( select s.r, (current_schemas(false))[s.r] as nspname                    from generate_series(1, array_upper(current_schemas(false), 1)) as s(r) ) as r          using ( nspname )        ) as sp     ON sp.nspoid = typnamespace  WHERE typname = $1  ORDER BY sp.r, pg_type.oid DESC
2022-11-08 00:54:14.375 UTC [130] DETAIL:  parameters: $1 = 'int2vector'
2022-11-08 00:54:14.383 UTC [130] LOG:  execute <unnamed>: SELECT n.nspname = ANY(current_schemas(true)), n.nspname, t.typname FROM pg_catalog.pg_type t JOIN pg_catalog.pg_namespace n ON t.typnamespace = n.oid WHERE t.oid = $1
2022-11-08 00:54:14.383 UTC [130] DETAIL:  parameters: $1 = '30'
2022-11-08 00:54:14.389 UTC [130] LOG:  execute <unnamed>: SELECT typinput='array_in'::regproc as is_array, typtype, typname   FROM pg_catalog.pg_type   LEFT JOIN (select ns.oid as nspoid, ns.nspname, r.r           from pg_namespace as ns           join ( select s.r, (current_schemas(false))[s.r] as nspname                    from generate_series(1, array_upper(current_schemas(false), 1)) as s(r) ) as r          using ( nspname )        ) as sp     ON sp.nspoid = typnamespace  WHERE typname = $1  ORDER BY sp.r, pg_type.oid DESC
2022-11-08 00:54:14.389 UTC [130] DETAIL:  parameters: $1 = 'oidvector'
2022-11-08 00:54:14.402 UTC [130] LOG:  execute <unnamed>: SELECT am.oid,am.* FROM pg_catalog.pg_am am 
	ORDER BY am.oid
2022-11-08 00:54:14.417 UTC [130] LOG:  execute <unnamed>: SELECT i.*,c.relnamespace FROM pg_catalog.pg_inherits i,pg_catalog.pg_class c WHERE i.inhrelid=$1 AND c.oid=i.inhparent ORDER BY i.inhseqno
2022-11-08 00:54:14.417 UTC [130] DETAIL:  parameters: $1 = '16417'
2022-11-08 00:56:38.868 UTC [136] LOG:  execute <unnamed>: SELECT "Profile"."id" AS "Profile_id", "Profile"."createdAt" AS "Profile_createdAt", "Profile"."status" AS "Profile_status", "Profile"."name" AS "Profile_name" FROM "profiles" "Profile" WHERE ("Profile"."name" = $1) LIMIT 1
2022-11-08 00:56:38.868 UTC [136] DETAIL:  parameters: $1 = 'Admin'
2022-11-08 00:56:38.874 UTC [136] LOG:  execute <unnamed>: SELECT "Profile"."id" AS "Profile_id", "Profile"."createdAt" AS "Profile_createdAt", "Profile"."status" AS "Profile_status", "Profile"."name" AS "Profile_name" FROM "profiles" "Profile" WHERE "Profile"."id" IN ($1)
2022-11-08 00:56:38.874 UTC [136] DETAIL:  parameters: $1 = '7d28a2b5-ee16-4487-8bd2-8bc704851242'
2022-11-08 00:56:38.877 UTC [136] LOG:  statement: START TRANSACTION
2022-11-08 00:56:38.884 UTC [136] LOG:  execute <unnamed>: INSERT INTO "profiles"("id", "createdAt", "status", "name") VALUES ($1, $2, $3, $4) RETURNING "id", "createdAt", "status"
2022-11-08 00:56:38.884 UTC [136] DETAIL:  parameters: $1 = '7d28a2b5-ee16-4487-8bd2-8bc704851242', $2 = '2022-11-07 21:56:38.871', $3 = 't', $4 = 'Admin'
2022-11-08 00:56:38.892 UTC [136] LOG:  statement: COMMIT
2022-11-08 00:56:44.755 UTC [137] LOG:  execute <unnamed>: SET extra_float_digits = 3
2022-11-08 00:56:44.759 UTC [137] LOG:  execute <unnamed>: SET application_name = 'PostgreSQL JDBC Driver'
2022-11-08 00:56:44.767 UTC [137] LOG:  execute <unnamed>: SET application_name = 'DBeaver 22.1.3 - Main <postgres>'
2022-11-08 00:56:44.772 UTC [137] LOG:  execute <unnamed>: SELECT current_schema(),session_user
2022-11-08 00:56:44.796 UTC [137] LOG:  execute <unnamed>: SELECT n.oid,n.*,d.description FROM pg_catalog.pg_namespace n
	LEFT OUTER JOIN pg_catalog.pg_description d ON d.objoid=n.oid AND d.objsubid=0 AND d.classoid='pg_namespace'::regclass
	 ORDER BY nspname
2022-11-08 00:56:44.807 UTC [137] LOG:  execute <unnamed>: SELECT n.nspname = ANY(current_schemas(true)), n.nspname, t.typname FROM pg_catalog.pg_type t JOIN pg_catalog.pg_namespace n ON t.typnamespace = n.oid WHERE t.oid = $1
2022-11-08 00:56:44.807 UTC [137] DETAIL:  parameters: $1 = '1034'
2022-11-08 00:56:44.813 UTC [137] LOG:  execute <unnamed>: SELECT typinput='array_in'::regproc as is_array, typtype, typname   FROM pg_catalog.pg_type   LEFT JOIN (select ns.oid as nspoid, ns.nspname, r.r           from pg_namespace as ns           join ( select s.r, (current_schemas(false))[s.r] as nspname                    from generate_series(1, array_upper(current_schemas(false), 1)) as s(r) ) as r          using ( nspname )        ) as sp     ON sp.nspoid = typnamespace  WHERE typname = $1  ORDER BY sp.r, pg_type.oid DESC
2022-11-08 00:56:44.813 UTC [137] DETAIL:  parameters: $1 = '_aclitem'
2022-11-08 00:56:44.819 UTC [137] LOG:  execute <unnamed>: SHOW search_path
2022-11-08 00:56:45.105 UTC [138] LOG:  execute <unnamed>: SET extra_float_digits = 3
2022-11-08 00:56:45.111 UTC [138] LOG:  execute <unnamed>: SET application_name = 'PostgreSQL JDBC Driver'
2022-11-08 00:56:45.115 UTC [138] LOG:  execute <unnamed>: SET application_name = 'DBeaver 22.1.3 - Metadata <postgres>'
2022-11-08 00:56:45.122 UTC [138] LOG:  execute <unnamed>: SELECT current_schema(),session_user
2022-11-08 00:56:45.125 UTC [138] LOG:  execute <unnamed>: SHOW search_path
2022-11-08 00:56:45.138 UTC [138] LOG:  execute <unnamed>: SELECT db.oid,db.* FROM pg_catalog.pg_database db WHERE datname=$1
2022-11-08 00:56:45.138 UTC [138] DETAIL:  parameters: $1 = 'postgres'
2022-11-08 00:56:45.151 UTC [138] LOG:  execute <unnamed>: select * from pg_catalog.pg_settings where name=$1
2022-11-08 00:56:45.151 UTC [138] DETAIL:  parameters: $1 = 'standard_conforming_strings'
2022-11-08 00:56:45.165 UTC [138] LOG:  execute <unnamed>: select string_agg(word, ',') from pg_catalog.pg_get_keywords() where word <> ALL ('{a,abs,absolute,action,ada,add,admin,after,all,allocate,alter,always,and,any,are,array,as,asc,asensitive,assertion,assignment,asymmetric,at,atomic,attribute,attributes,authorization,avg,before,begin,bernoulli,between,bigint,binary,blob,boolean,both,breadth,by,c,call,called,cardinality,cascade,cascaded,case,cast,catalog,catalog_name,ceil,ceiling,chain,char,char_length,character,character_length,character_set_catalog,character_set_name,character_set_schema,characteristics,characters,check,checked,class_origin,clob,close,coalesce,cobol,code_units,collate,collation,collation_catalog,collation_name,collation_schema,collect,column,column_name,command_function,command_function_code,commit,committed,condition,condition_number,connect,connection_name,constraint,constraint_catalog,constraint_name,constraint_schema,constraints,constructors,contains,continue,convert,corr,corresponding,count,covar_pop,covar_samp,create,cross,cube,cume_dist,current,current_collation,current_date,current_default_transform_group,current_path,current_role,current_time,current_timestamp,current_transform_group_for_type,current_user,cursor,cursor_name,cycle,data,date,datetime_interval_code,datetime_interval_precision,day,deallocate,dec,decimal,declare,default,defaults,deferrable,deferred,defined,definer,degree,delete,dense_rank,depth,deref,derived,desc,describe,descriptor,deterministic,diagnostics,disconnect,dispatch,distinct,domain,double,drop,dynamic,dynamic_function,dynamic_function_code,each,element,else,end,end-exec,equals,escape,every,except,exception,exclude,excluding,exec,execute,exists,exp,external,extract,false,fetch,filter,final,first,float,floor,following,for,foreign,fortran,found,free,from,full,function,fusion,g,general,get,global,go,goto,grant,granted,group,grouping,having,hierarchy,hold,hour,identity,immediate,implementation,in,including,increment,indicator,initially,inner,inout,input,insensitive,insert,instance,instantiable,int,integer,intersect,intersection,interval,into,invoker,is,isolation,join,k,key,key_member,key_type,language,large,last,lateral,leading,left,length,level,like,ln,local,localtime,localtimestamp,locator,lower,m,map,match,matched,max,maxvalue,member,merge,message_length,message_octet_length,message_text,method,min,minute,minvalue,mod,modifies,module,month,more,multiset,mumps,name,names,national,natural,nchar,nclob,nesting,new,next,no,none,normalize,normalized,not,"null",nullable,nullif,nulls,number,numeric,object,octet_length,octets,of,old,on,only,open,option,options,or,order,ordering,ordinality,others,out,outer,output,over,overlaps,overlay,overriding,pad,parameter,parameter_mode,parameter_name,parameter_ordinal_position,parameter_specific_catalog,parameter_specific_name,parameter_specific_schema,partial,partition,pascal,path,percent_rank,percentile_cont,percentile_disc,placing,pli,position,power,preceding,precision,prepare,preserve,primary,prior,privileges,procedure,public,range,rank,read,reads,real,recursive,ref,references,referencing,regr_avgx,regr_avgy,regr_count,regr_intercept,regr_r2,regr_slope,regr_sxx,regr_sxy,regr_syy,relative,release,repeatable,restart,result,return,returned_cardinality,returned_length,returned_octet_length,returned_sqlstate,returns,revoke,right,role,rollback,rollup,routine,routine_catalog,routine_name,routine_schema,row,row_count,row_number,rows,savepoint,scale,schema,schema_name,scope_catalog,scope_name,scope_schema,scroll,search,second,section,security,select,self,sensitive,sequence,serializable,server_name,session,session_user,set,sets,similar,simple,size,smallint,some,source,space,specific,specific_name,specifictype,sql,sqlexception,sqlstate,sqlwarning,sqrt,start,state,statement,static,stddev_pop,stddev_samp,structure,style,subclass_origin,submultiset,substring,sum,symmetric,system,system_user,table,table_name,tablesample,temporary,then,ties,time,timestamp,timezone_hour,timezone_minute,to,top_level_count,trailing,transaction,transaction_active,transactions_committed,transactions_rolled_back,transform,transforms,translate,translation,treat,trigger,trigger_catalog,trigger_name,trigger_schema,trim,true,type,uescape,unbounded,uncommitted,under,union,unique,unknown,unnamed,unnest,update,upper,usage,user,user_defined_type_catalog,user_defined_type_code,user_defined_type_name,user_defined_type_schema,using,value,values,var_pop,var_samp,varchar,varying,view,when,whenever,where,width_bucket,window,with,within,without,work,write,year,zone}'::text[])
2022-11-08 00:56:45.173 UTC [138] LOG:  execute <unnamed>: SELECT version()
2022-11-08 00:56:45.202 UTC [138] LOG:  execute <unnamed>: SELECT t.oid,t.*,c.relkind,format_type(nullif(t.typbasetype, 0), t.typtypmod) as base_type_name, d.description
	FROM pg_catalog.pg_type t
	LEFT OUTER JOIN pg_catalog.pg_type et ON et.oid=t.typelem 
	LEFT OUTER JOIN pg_catalog.pg_class c ON c.oid=t.typrelid
	LEFT OUTER JOIN pg_catalog.pg_description d ON t.oid=d.objoid
	WHERE t.typname IS NOT NULL
	AND (c.relkind IS NULL OR c.relkind = 'c') AND (et.typcategory IS NULL OR et.typcategory <> 'C')
2022-11-08 00:56:45.289 UTC [138] LOG:  execute <unnamed>: SELECT c.oid,c.*,d.description,pg_catalog.pg_get_expr(c.relpartbound, c.oid) as partition_expr,  pg_catalog.pg_get_partkeydef(c.oid) as partition_key 
	FROM pg_catalog.pg_class c
	LEFT OUTER JOIN pg_catalog.pg_description d ON d.objoid=c.oid AND d.objsubid=0 AND d.classoid='pg_class'::regclass
	WHERE c.relnamespace=$1 AND c.relkind not in ('i','I','c')
2022-11-08 00:56:45.289 UTC [138] DETAIL:  parameters: $1 = '2200'
2022-11-08 00:56:45.309 UTC [138] LOG:  execute <unnamed>: SELECT c.relname,a.*,pg_catalog.pg_get_expr(ad.adbin, ad.adrelid, true) as def_value,dsc.description
	FROM pg_catalog.pg_attribute a
	INNER JOIN pg_catalog.pg_class c ON (a.attrelid=c.oid)
	LEFT OUTER JOIN pg_catalog.pg_attrdef ad ON (a.attrelid=ad.adrelid AND a.attnum = ad.adnum)
	LEFT OUTER JOIN pg_catalog.pg_description dsc ON (c.oid=dsc.objoid AND a.attnum = dsc.objsubid)
	WHERE NOT a.attisdropped AND c.oid=$1 ORDER BY a.attnum
2022-11-08 00:56:45.309 UTC [138] DETAIL:  parameters: $1 = '16417'
2022-11-08 00:56:46.556 UTC [138] LOG:  execute <unnamed>: select c.oid,pg_catalog.pg_total_relation_size(c.oid) as total_rel_size,pg_catalog.pg_relation_size(c.oid) as rel_size
	FROM pg_class c
	WHERE c.relnamespace=$1
2022-11-08 00:56:46.556 UTC [138] DETAIL:  parameters: $1 = '2200'
2022-11-08 00:56:50.105 UTC [138] LOG:  execute <unnamed>: SELECT c.relname,a.*,pg_catalog.pg_get_expr(ad.adbin, ad.adrelid, true) as def_value,dsc.description
	FROM pg_catalog.pg_attribute a
	INNER JOIN pg_catalog.pg_class c ON (a.attrelid=c.oid)
	LEFT OUTER JOIN pg_catalog.pg_attrdef ad ON (a.attrelid=ad.adrelid AND a.attnum = ad.adnum)
	LEFT OUTER JOIN pg_catalog.pg_description dsc ON (c.oid=dsc.objoid AND a.attnum = dsc.objsubid)
	WHERE NOT a.attisdropped AND c.oid=$1 ORDER BY a.attnum
2022-11-08 00:56:50.105 UTC [138] DETAIL:  parameters: $1 = '16407'
2022-11-08 00:56:50.115 UTC [137] LOG:  execute <unnamed>: SELECT * FROM public.profiles
2022-11-08 00:56:50.133 UTC [137] LOG:  execute <unnamed>: SELECT c.oid, a.attnum, a.attname, c.relname, n.nspname, a.attnotnull OR (t.typtype = 'd' AND t.typnotnull), a.attidentity != '' OR pg_catalog.pg_get_expr(d.adbin, d.adrelid) LIKE '%nextval(%' FROM pg_catalog.pg_class c JOIN pg_catalog.pg_namespace n ON (c.relnamespace = n.oid) JOIN pg_catalog.pg_attribute a ON (c.oid = a.attrelid) JOIN pg_catalog.pg_type t ON (a.atttypid = t.oid) LEFT JOIN pg_catalog.pg_attrdef d ON (d.adrelid = a.attrelid AND d.adnum = a.attnum) JOIN (SELECT 16407 AS oid , 1 AS attnum UNION ALL SELECT 16407, 2 UNION ALL SELECT 16407, 3 UNION ALL SELECT 16407, 4) vals ON (c.oid = vals.oid AND a.attnum = vals.attnum) 
2022-11-08 00:56:50.147 UTC [138] LOG:  execute <unnamed>: SELECT i.*,i.indkey as keys,c.relname,c.relnamespace,c.relam,c.reltablespace,tc.relname as tabrelname,dsc.description,pg_catalog.pg_get_expr(i.indpred, i.indrelid) as pred_expr,pg_catalog.pg_get_expr(i.indexprs, i.indrelid, true) as expr,pg_catalog.pg_relation_size(i.indexrelid) as index_rel_size,pg_catalog.pg_stat_get_numscans(i.indexrelid) as index_num_scans
	FROM pg_catalog.pg_index i
	INNER JOIN pg_catalog.pg_class c ON c.oid=i.indexrelid
	INNER JOIN pg_catalog.pg_class tc ON tc.oid=i.indrelid
	LEFT OUTER JOIN pg_catalog.pg_description dsc ON i.indexrelid=dsc.objoid
	WHERE  i.indrelid=$1 ORDER BY c.relname
2022-11-08 00:56:50.147 UTC [138] DETAIL:  parameters: $1 = '16407'
2022-11-08 00:56:50.152 UTC [137] LOG:  execute <unnamed>: SHOW TRANSACTION ISOLATION LEVEL
2022-11-08 00:56:50.165 UTC [138] LOG:  execute <unnamed>: SELECT c.oid,c.*,t.relname as tabrelname,rt.relnamespace as refnamespace,d.description, case when c.contype='c' then "substring"(pg_get_constraintdef(c.oid), 7) else null end consrc_copy
	FROM pg_catalog.pg_constraint c
	INNER JOIN pg_catalog.pg_class t ON t.oid=c.conrelid
	LEFT OUTER JOIN pg_catalog.pg_class rt ON rt.oid=c.confrelid
	LEFT OUTER JOIN pg_catalog.pg_description d ON d.objoid=c.oid AND d.objsubid=0 AND d.classoid='pg_constraint'::regclass
	WHERE c.conrelid=$1
	ORDER BY c.oid
2022-11-08 00:56:50.165 UTC [138] DETAIL:  parameters: $1 = '16407'
2022-11-08 00:56:50.198 UTC [138] LOG:  execute <unnamed>: SELECT n.nspname = ANY(current_schemas(true)), n.nspname, t.typname FROM pg_catalog.pg_type t JOIN pg_catalog.pg_namespace n ON t.typnamespace = n.oid WHERE t.oid = $1
2022-11-08 00:56:50.198 UTC [138] DETAIL:  parameters: $1 = '22'
2022-11-08 00:56:50.205 UTC [138] LOG:  execute <unnamed>: SELECT typinput='array_in'::regproc as is_array, typtype, typname   FROM pg_catalog.pg_type   LEFT JOIN (select ns.oid as nspoid, ns.nspname, r.r           from pg_namespace as ns           join ( select s.r, (current_schemas(false))[s.r] as nspname                    from generate_series(1, array_upper(current_schemas(false), 1)) as s(r) ) as r          using ( nspname )        ) as sp     ON sp.nspoid = typnamespace  WHERE typname = $1  ORDER BY sp.r, pg_type.oid DESC
2022-11-08 00:56:50.205 UTC [138] DETAIL:  parameters: $1 = 'int2vector'
2022-11-08 00:56:50.213 UTC [138] LOG:  execute <unnamed>: SELECT n.nspname = ANY(current_schemas(true)), n.nspname, t.typname FROM pg_catalog.pg_type t JOIN pg_catalog.pg_namespace n ON t.typnamespace = n.oid WHERE t.oid = $1
2022-11-08 00:56:50.213 UTC [138] DETAIL:  parameters: $1 = '30'
2022-11-08 00:56:50.216 UTC [138] LOG:  execute <unnamed>: SELECT typinput='array_in'::regproc as is_array, typtype, typname   FROM pg_catalog.pg_type   LEFT JOIN (select ns.oid as nspoid, ns.nspname, r.r           from pg_namespace as ns           join ( select s.r, (current_schemas(false))[s.r] as nspname                    from generate_series(1, array_upper(current_schemas(false), 1)) as s(r) ) as r          using ( nspname )        ) as sp     ON sp.nspoid = typnamespace  WHERE typname = $1  ORDER BY sp.r, pg_type.oid DESC
2022-11-08 00:56:50.216 UTC [138] DETAIL:  parameters: $1 = 'oidvector'
2022-11-08 00:56:50.224 UTC [138] LOG:  execute <unnamed>: SELECT am.oid,am.* FROM pg_catalog.pg_am am 
	ORDER BY am.oid
2022-11-08 00:56:50.236 UTC [138] LOG:  execute <unnamed>: SELECT i.*,c.relnamespace FROM pg_catalog.pg_inherits i,pg_catalog.pg_class c WHERE i.inhrelid=$1 AND c.oid=i.inhparent ORDER BY i.inhseqno
2022-11-08 00:56:50.236 UTC [138] DETAIL:  parameters: $1 = '16407'
2022-11-08 00:56:56.270 UTC [62] LOG:  checkpoint starting: time
2022-11-08 00:56:56.996 UTC [62] LOG:  checkpoint complete: wrote 7 buffers (0.0%); 0 WAL file(s) added, 0 removed, 0 recycled; write=0.637 s, sync=0.019 s, total=0.726 s; sync files=5, longest=0.008 s, average=0.004 s; distance=1 kB, estimate=199 kB
2022-11-08 01:19:15.440 UTC [1] LOG:  received fast shutdown request
2022-11-08 01:19:15.447 UTC [1] LOG:  aborting any active transactions
2022-11-08 01:19:15.447 UTC [137] FATAL:  terminating connection due to administrator command
2022-11-08 01:19:15.453 UTC [138] FATAL:  terminating connection due to administrator command
2022-11-08 01:19:15.469 UTC [1] LOG:  background worker "logical replication launcher" (PID 67) exited with exit code 1
2022-11-08 01:19:15.481 UTC [62] LOG:  shutting down
2022-11-08 01:19:15.487 UTC [62] LOG:  checkpoint starting: shutdown immediate
2022-11-08 01:19:15.543 UTC [62] LOG:  checkpoint complete: wrote 0 buffers (0.0%); 0 WAL file(s) added, 0 removed, 0 recycled; write=0.009 s, sync=0.001 s, total=0.063 s; sync files=0, longest=0.000 s, average=0.000 s; distance=0 kB, estimate=179 kB
2022-11-08 01:19:15.592 UTC [1] LOG:  database system is shut down
